<?xml version="1.0" encoding="UTF-8"?>
<!-- Generated by org.testng.reporters.JUnitReportReporter -->
<testsuite hostname="DESKTOP-NM52LU0" failures="0" tests="1" name="cucumber.TestNGTestRunner" time="27.711" errors="0" timestamp="2024-11-18T23:29:33 IST" skipped="0">
  <testcase classname="cucumber.TestNGTestRunner" name="runScenario" time="27.711"/>
</testsuite> <!-- cucumber.TestNGTestRunner -->
