<?xml version="1.0" encoding="UTF-8"?>
<!-- Generated by org.testng.reporters.JUnitReportReporter -->
<testsuite hostname="DESKTOP-NM52LU0" failures="0" tests="3" name="rahulshettyacademy.tests.SubmitOrderTest" time="90.751" errors="0" timestamp="2024-11-15T00:05:13 IST" skipped="0">
  <testcase classname="rahulshettyacademy.tests.SubmitOrderTest" name="submitOrder" time="32.608"/>
  <testcase classname="rahulshettyacademy.tests.SubmitOrderTest" name="submitOrder" time="43.608"/>
  <testcase classname="rahulshettyacademy.tests.SubmitOrderTest" name="OrderHistoryTest" time="14.535"/>
</testsuite> <!-- rahulshettyacademy.tests.SubmitOrderTest -->
